c:\users\성선미\desktop\git\turningpointproject\directx12 example\example\x64\debug\vc143.pdb
c:\users\성선미\desktop\git\turningpointproject\directx12 example\example\x64\debug\vc143.idb
c:\users\성선미\desktop\git\turningpointproject\directx12 example\example\x64\debug\waves.obj
c:\users\성선미\desktop\git\turningpointproject\directx12 example\example\x64\debug\shapesapp.obj
c:\users\성선미\desktop\git\turningpointproject\directx12 example\example\x64\debug\mathhelper.obj
c:\users\성선미\desktop\git\turningpointproject\directx12 example\example\x64\debug\geometrygenerator.obj
c:\users\성선미\desktop\git\turningpointproject\directx12 example\example\x64\debug\gametimer.obj
c:\users\성선미\desktop\git\turningpointproject\directx12 example\example\x64\debug\ddstextureloader.obj
c:\users\성선미\desktop\git\turningpointproject\directx12 example\example\x64\debug\d3dutil.obj
c:\users\성선미\desktop\git\turningpointproject\directx12 example\example\x64\debug\d3dapp.obj
c:\users\성선미\desktop\git\turningpointproject\directx12 example\example\x64\debug\directx12.ilk
c:\users\성선미\desktop\git\turningpointproject\directx12 example\example\x64\debug\directx12.exe
c:\users\성선미\desktop\git\turningpointproject\directx12 example\example\x64\debug\directx12.pdb
c:\users\성선미\desktop\git\turningpointproject\directx12 example\example\x64\debug\chapter 7 drawing in direct3d.ilk
c:\users\성선미\desktop\git\turningpointproject\directx12 example\example\x64\debug\chapter 7 drawing in direct3d.pdb
c:\users\성선미\desktop\git\turningpointproject\directx12 example\example\x64\debug\directx12.tlog\cl.command.1.tlog
c:\users\성선미\desktop\git\turningpointproject\directx12 example\example\x64\debug\directx12.tlog\cl.read.1.tlog
c:\users\성선미\desktop\git\turningpointproject\directx12 example\example\x64\debug\directx12.tlog\cl.write.1.tlog
c:\users\성선미\desktop\git\turningpointproject\directx12 example\example\x64\debug\directx12.tlog\link.command.1.tlog
c:\users\성선미\desktop\git\turningpointproject\directx12 example\example\x64\debug\directx12.tlog\link.read.1.tlog
c:\users\성선미\desktop\git\turningpointproject\directx12 example\example\x64\debug\directx12.tlog\link.write.1.tlog
